  anicolor.cpp
  aniview.cpp
  cmanager.cpp
  cstate.cpp
  ctext.cpp
ctext.cpp(74): warning C4244: аргумент: преобразование "int" в "GLfloat", возможна потеря данных
ctext.cpp(78): warning C4244: аргумент: преобразование "int" в "GLfloat", возможна потеря данных
ctext.cpp(85): warning C4244: аргумент: преобразование "double" в "GLfloat", возможна потеря данных
  customstates.cpp
customstates.cpp(29): warning C4305: аргумент: усечение из "double" к "float"
customstates.cpp(149): warning C4305: аргумент: усечение из "double" к "float"
customstates.cpp(206): warning C4305: аргумент: усечение из "double" к "float"
customstates.cpp(270): warning C4305: аргумент: усечение из "double" к "float"
customstates.cpp(270): warning C4244: аргумент: преобразование "double" в "float", возможна потеря данных
customstates.cpp(500): warning C4244: аргумент: преобразование "const int" в "float", возможна потеря данных
customstates.cpp(621): warning C4244: аргумент: преобразование "const int" в "float", возможна потеря данных
customstates.cpp(624): warning C4244: аргумент: преобразование "const int" в "float", возможна потеря данных
customstates.cpp(627): warning C4244: аргумент: преобразование "const int" в "float", возможна потеря данных
customstates.cpp(630): warning C4244: аргумент: преобразование "const int" в "float", возможна потеря данных
  engine.cpp
  graphobj.cpp
  intrface.cpp
  opengl.cpp
opengl.cpp(50): warning C4305: =: усечение из "double" к "float"
opengl.cpp(67): warning C4305: =: усечение из "double" к "float"
opengl.cpp(79): warning C4305: аргумент: усечение из "double" к "float"
  parts.cpp
parts.cpp(119): warning C4244: =: преобразование "double" в "float", возможна потеря данных
parts.cpp(133): warning C4305: аргумент: усечение из "double" к "float"
parts.cpp(137): warning C4244: аргумент: преобразование "double" в "float", возможна потеря данных
parts.cpp(137): warning C4305: аргумент: усечение из "double" к "float"
parts.cpp(141): warning C4244: аргумент: преобразование "double" в "float", возможна потеря данных
parts.cpp(141): warning C4305: аргумент: усечение из "double" к "float"
parts.cpp(145): warning C4244: аргумент: преобразование "double" в "float", возможна потеря данных
parts.cpp(145): warning C4305: аргумент: усечение из "double" к "float"
parts.cpp(149): warning C4244: аргумент: преобразование "double" в "float", возможна потеря данных
parts.cpp(149): warning C4305: аргумент: усечение из "double" к "float"
parts.cpp(153): warning C4244: аргумент: преобразование "double" в "float", возможна потеря данных
parts.cpp(153): warning C4305: аргумент: усечение из "double" к "float"
parts.cpp(157): warning C4244: аргумент: преобразование "double" в "float", возможна потеря данных
parts.cpp(157): warning C4305: аргумент: усечение из "double" к "float"
parts.cpp(160): warning C4244: аргумент: преобразование "double" в "float", возможна потеря данных
parts.cpp(160): warning C4305: аргумент: усечение из "double" к "float"
parts.cpp(163): warning C4305: аргумент: усечение из "double" к "float"
parts.cpp(168): warning C4305: аргумент: усечение из "double" к "float"
parts.cpp(172): warning C4305: аргумент: усечение из "double" к "float"
parts.cpp(176): warning C4305: аргумент: усечение из "double" к "float"
  solve.cpp
solve.cpp(231): warning C4305: return: усечение из "int" к "bool"
  timer.cpp
  triangle.cpp
  winmain.cpp
  Создание кода
  All 209 functions were compiled because no usable IPDB/IOBJ from previous compilation was found.
  Создание кода завершено
  delta_wave.vcxproj -> D:\m\delta_wave\delta_wave_rpj\Release\delta_wave.exe
  delta_wave.vcxproj -> D:\m\delta_wave\delta_wave_rpj\Release\delta_wave.pdb (Full PDB)
