  winmain.cpp
  triangle.cpp
  timer.cpp
  solve.cpp
d:\m\delta_wave\delta_wave_rpj\solve.cpp(231): warning C4305: return: усечение из "int" к "bool"
  parts.cpp
d:\m\delta_wave\delta_wave_rpj\parts.cpp(119): warning C4244: =: преобразование "double" в "float", возможна потеря данных
d:\m\delta_wave\delta_wave_rpj\parts.cpp(133): warning C4305: аргумент: усечение из "double" к "float"
d:\m\delta_wave\delta_wave_rpj\parts.cpp(137): warning C4244: аргумент: преобразование "double" в "float", возможна потеря данных
d:\m\delta_wave\delta_wave_rpj\parts.cpp(137): warning C4305: аргумент: усечение из "double" к "float"
d:\m\delta_wave\delta_wave_rpj\parts.cpp(141): warning C4244: аргумент: преобразование "double" в "float", возможна потеря данных
d:\m\delta_wave\delta_wave_rpj\parts.cpp(141): warning C4305: аргумент: усечение из "double" к "float"
d:\m\delta_wave\delta_wave_rpj\parts.cpp(145): warning C4244: аргумент: преобразование "double" в "float", возможна потеря данных
d:\m\delta_wave\delta_wave_rpj\parts.cpp(145): warning C4305: аргумент: усечение из "double" к "float"
d:\m\delta_wave\delta_wave_rpj\parts.cpp(149): warning C4244: аргумент: преобразование "double" в "float", возможна потеря данных
d:\m\delta_wave\delta_wave_rpj\parts.cpp(149): warning C4305: аргумент: усечение из "double" к "float"
d:\m\delta_wave\delta_wave_rpj\parts.cpp(153): warning C4244: аргумент: преобразование "double" в "float", возможна потеря данных
d:\m\delta_wave\delta_wave_rpj\parts.cpp(153): warning C4305: аргумент: усечение из "double" к "float"
d:\m\delta_wave\delta_wave_rpj\parts.cpp(157): warning C4244: аргумент: преобразование "double" в "float", возможна потеря данных
d:\m\delta_wave\delta_wave_rpj\parts.cpp(157): warning C4305: аргумент: усечение из "double" к "float"
d:\m\delta_wave\delta_wave_rpj\parts.cpp(160): warning C4244: аргумент: преобразование "double" в "float", возможна потеря данных
d:\m\delta_wave\delta_wave_rpj\parts.cpp(160): warning C4305: аргумент: усечение из "double" к "float"
d:\m\delta_wave\delta_wave_rpj\parts.cpp(163): warning C4305: аргумент: усечение из "double" к "float"
d:\m\delta_wave\delta_wave_rpj\parts.cpp(168): warning C4305: аргумент: усечение из "double" к "float"
d:\m\delta_wave\delta_wave_rpj\parts.cpp(172): warning C4305: аргумент: усечение из "double" к "float"
d:\m\delta_wave\delta_wave_rpj\parts.cpp(176): warning C4305: аргумент: усечение из "double" к "float"
  opengl.cpp
d:\m\delta_wave\delta_wave_rpj\opengl.cpp(50): warning C4305: =: усечение из "double" к "float"
d:\m\delta_wave\delta_wave_rpj\opengl.cpp(67): warning C4305: =: усечение из "double" к "float"
d:\m\delta_wave\delta_wave_rpj\opengl.cpp(79): warning C4305: аргумент: усечение из "double" к "float"
  intrface.cpp
  graphobj.cpp
  engine.cpp
  customstates.cpp
d:\m\delta_wave\delta_wave_rpj\customstates.cpp(29): warning C4305: аргумент: усечение из "double" к "float"
d:\m\delta_wave\delta_wave_rpj\customstates.cpp(149): warning C4305: аргумент: усечение из "double" к "float"
d:\m\delta_wave\delta_wave_rpj\customstates.cpp(206): warning C4305: аргумент: усечение из "double" к "float"
d:\m\delta_wave\delta_wave_rpj\customstates.cpp(270): warning C4305: аргумент: усечение из "double" к "float"
d:\m\delta_wave\delta_wave_rpj\customstates.cpp(270): warning C4244: аргумент: преобразование "double" в "float", возможна потеря данных
d:\m\delta_wave\delta_wave_rpj\customstates.cpp(500): warning C4244: аргумент: преобразование "const int" в "float", возможна потеря данных
d:\m\delta_wave\delta_wave_rpj\customstates.cpp(621): warning C4244: аргумент: преобразование "const int" в "float", возможна потеря данных
d:\m\delta_wave\delta_wave_rpj\customstates.cpp(624): warning C4244: аргумент: преобразование "const int" в "float", возможна потеря данных
d:\m\delta_wave\delta_wave_rpj\customstates.cpp(627): warning C4244: аргумент: преобразование "const int" в "float", возможна потеря данных
d:\m\delta_wave\delta_wave_rpj\customstates.cpp(630): warning C4244: аргумент: преобразование "const int" в "float", возможна потеря данных
  ctext.cpp
d:\m\delta_wave\delta_wave_rpj\ctext.cpp(74): warning C4244: аргумент: преобразование "int" в "GLfloat", возможна потеря данных
d:\m\delta_wave\delta_wave_rpj\ctext.cpp(78): warning C4244: аргумент: преобразование "int" в "GLfloat", возможна потеря данных
d:\m\delta_wave\delta_wave_rpj\ctext.cpp(85): warning C4244: аргумент: преобразование "double" в "GLfloat", возможна потеря данных
  cstate.cpp
  cmanager.cpp
  aniview.cpp
  anicolor.cpp
  Создание кода...
  delta_wave.vcxproj -> D:\m\delta_wave\delta_wave_rpj\Debug\delta_wave.exe
  delta_wave.vcxproj -> D:\m\delta_wave\delta_wave_rpj\Debug\delta_wave.pdb (Partial PDB)
