d:\m\delta_wave\delta_wave_rpj\debug\vc140.pdb
d:\m\delta_wave\delta_wave_rpj\debug\vc140.idb
d:\m\delta_wave\delta_wave_rpj\debug\anicolor.obj
d:\m\delta_wave\delta_wave_rpj\debug\aniview.obj
d:\m\delta_wave\delta_wave_rpj\debug\cmanager.obj
d:\m\delta_wave\delta_wave_rpj\debug\cstate.obj
d:\m\delta_wave\delta_wave_rpj\debug\ctext.obj
d:\m\delta_wave\delta_wave_rpj\debug\customstates.obj
d:\m\delta_wave\delta_wave_rpj\debug\engine.obj
d:\m\delta_wave\delta_wave_rpj\debug\graphobj.obj
d:\m\delta_wave\delta_wave_rpj\debug\intrface.obj
d:\m\delta_wave\delta_wave_rpj\debug\opengl.obj
d:\m\delta_wave\delta_wave_rpj\debug\parts.obj
d:\m\delta_wave\delta_wave_rpj\debug\solve.obj
d:\m\delta_wave\delta_wave_rpj\debug\timer.obj
d:\m\delta_wave\delta_wave_rpj\debug\triangle.obj
d:\m\delta_wave\delta_wave_rpj\debug\winmain.obj
d:\m\delta_wave\delta_wave_rpj\debug\delta_wave.ilk
d:\m\delta_wave\delta_wave_rpj\debug\delta_wave.exe
d:\m\delta_wave\delta_wave_rpj\debug\delta_wave.pdb
d:\m\delta_wave\delta_wave_rpj\debug\delta_wave.tlog\cl.command.1.tlog
d:\m\delta_wave\delta_wave_rpj\debug\delta_wave.tlog\cl.read.1.tlog
d:\m\delta_wave\delta_wave_rpj\debug\delta_wave.tlog\cl.write.1.tlog
d:\m\delta_wave\delta_wave_rpj\debug\delta_wave.tlog\link.command.1.tlog
d:\m\delta_wave\delta_wave_rpj\debug\delta_wave.tlog\link.read.1.tlog
d:\m\delta_wave\delta_wave_rpj\debug\delta_wave.tlog\link.write.1.tlog
